[debug] [2018-04-19T21:32:54.182Z] ----------------------------------------------------------------------
[debug] [2018-04-19T21:32:54.182Z] Command:       C:\Program Files\nodejs\node.exe C:\Users\Ricardo Vasconcelos\AppData\Roaming\npm\node_modules\firebase-tools\bin\firebase deploy
[debug] [2018-04-19T21:32:54.182Z] CLI Version:   3.17.7
[debug] [2018-04-19T21:32:54.182Z] Platform:      win32
[debug] [2018-04-19T21:32:54.182Z] Node Version:  v8.10.0
[debug] [2018-04-19T21:32:54.182Z] Time:          Thu Apr 19 2018 18:32:54 GMT-0300 (Hora oficial do Brasil)
[debug] [2018-04-19T21:32:54.182Z] ----------------------------------------------------------------------
[debug] 
[debug] [2018-04-19T21:32:54.237Z] > command requires scopes: ["email","openid","https://www.googleapis.com/auth/cloudplatformprojects.readonly","https://www.googleapis.com/auth/firebase","https://www.googleapis.com/auth/cloud-platform"]
[debug] [2018-04-19T21:32:54.237Z] > authorizing via signed-in user
[debug] [2018-04-19T21:32:54.237Z] >>> HTTP REQUEST GET https://admin.firebase.com/v1/projects/binarycodecompany-01  
  
 Thu Apr 19 2018 18:32:54 GMT-0300 (Hora oficial do Brasil)
[debug] [2018-04-19T21:32:55.618Z] <<< HTTP RESPONSE 200
[debug] [2018-04-19T21:32:55.634Z] >>> HTTP REQUEST GET https://admin.firebase.com/v1/database/binarycodecompany-01/tokens  
  
 Thu Apr 19 2018 18:32:55 GMT-0300 (Hora oficial do Brasil)
[debug] [2018-04-19T21:32:56.451Z] <<< HTTP RESPONSE 200
[info] 
[info] === Deploying to 'binarycodecompany-01'...
[info] 
[info] i  deploying hosting
[info] i  hosting: preparing public directory for upload...
[debug] [2018-04-19T21:32:58.433Z] >>> HTTP REQUEST PUT https://deploy.firebase.com/v1/hosting/binarycodecompany-01/uploads/-LAUon-Bsp77aGiqew-1?fileCount=40&message=  
  
 Thu Apr 19 2018 18:32:58 GMT-0300 (Hora oficial do Brasil)
